info it worked if it ends with ok
verbose cli [ 'node', '/usr/local/bin/npm', 'install' ]
info using npm@1.1.16
info using node@v0.6.15
verbose /usr/local/bin/node node symlink
verbose config file /Users/seb/.npmrc
verbose config file /usr/local/etc/npmrc
verbose config file /usr/local/lib/node_modules/npm/npmrc
ERR! Couldn't read dependencies.
ERR! Error: bundleDependencies must be an array.
ERR! See `npm help json`
ERR!     at /usr/local/lib/node_modules/npm/lib/utils/read-json.js:422:13
ERR!     at /usr/local/lib/node_modules/npm/lib/utils/read-json.js:192:32
ERR!     at P (/usr/local/lib/node_modules/npm/lib/utils/read-json.js:168:40)
ERR!     at /usr/local/lib/node_modules/npm/lib/utils/read-json.js:134:7
ERR!     at [object Object].<anonymous> (fs.js:123:5)
ERR!     at [object Object].emit (events.js:64:17)
ERR!     at fs.js:1181:12
ERR!     at Object.oncomplete (/usr/local/lib/node_modules/npm/node_modules/graceful-fs/graceful-fs.js:94:5)
ERR! You may report this log at:
ERR!     <http://github.com/isaacs/npm/issues>
ERR! or email it to:
ERR!     <npm-@googlegroups.com>
ERR! 
ERR! System Darwin 11.4.0
ERR! command "node" "/usr/local/bin/npm" "install"
ERR! cwd /Users/seb/Documents/Work/sv-cake-utils
ERR! node -v v0.6.15
ERR! npm -v 1.1.16
ERR! message bundleDependencies must be an array.
ERR! message See `npm help json`
verbose exit [ 1, true ]
